-------------------------------------------------------------------------------
Test set: com.expensetracker.dao.test.ServiceLayerTest
-------------------------------------------------------------------------------
Tests run: 1, Failures: 0, Errors: 1, Skipped: 0, Time elapsed: 2.571 sec <<< FAILURE! - in com.expensetracker.dao.test.ServiceLayerTest
testGetPurchaseList(com.expensetracker.dao.test.ServiceLayerTest)  Time elapsed: 2.492 sec  <<< ERROR!
java.lang.ExceptionInInitializerError: null
	at javax.validation.Validation$GenericBootstrapImpl.configure(Validation.java:271)
	at javax.validation.Validation.buildDefaultValidatorFactory(Validation.java:110)
	at org.hibernate.cfg.beanvalidation.TypeSafeActivator.getValidatorFactory(TypeSafeActivator.java:380)
	at org.hibernate.cfg.beanvalidation.TypeSafeActivator.applyDDL(TypeSafeActivator.java:109)
	at sun.reflect.NativeMethodAccessorImpl.invoke0(Native Method)
	at sun.reflect.NativeMethodAccessorImpl.invoke(NativeMethodAccessorImpl.java:62)
	at sun.reflect.DelegatingMethodAccessorImpl.invoke(DelegatingMethodAccessorImpl.java:43)
	at java.lang.reflect.Method.invoke(Method.java:483)
	at org.hibernate.cfg.beanvalidation.BeanValidationActivator.applyDDL(BeanValidationActivator.java:118)
	at org.hibernate.cfg.Configuration.applyBeanValidationConstraintsOnDDL(Configuration.java:1704)
	at org.hibernate.cfg.Configuration.applyConstraintsToDDL(Configuration.java:1654)
	at org.hibernate.cfg.Configuration.secondPassCompile(Configuration.java:1445)
	at org.hibernate.cfg.Configuration.buildSessionFactory(Configuration.java:1856)
	at com.expensetracker.util.HibernateUtil.getSessionFactory(HibernateUtil.java:29)
	at com.expensetracker.dao.PurchaseDao.<init>(PurchaseDao.java:25)
	at com.expensetracker.dao.PurchaseDao.<clinit>(PurchaseDao.java:24)
	at com.expensetracker.dao.DaoFactory.getDao(DaoFactory.java:12)
	at com.expensetracker.service.Service.getPurchaseReport(Service.java:180)
	at com.expensetracker.dao.test.ServiceLayerTest.testGetPurchaseList(ServiceLayerTest.java:43)

