-------------------------------------------------------------------------------
Test set: com.expensetracker.util.test.DatabaseUtilTest
-------------------------------------------------------------------------------
Tests run: 1, Failures: 1, Errors: 0, Skipped: 0, Time elapsed: 21.02 sec <<< FAILURE! - in com.expensetracker.util.test.DatabaseUtilTest
testDatabaseConnection(com.expensetracker.util.test.DatabaseUtilTest)  Time elapsed: 21.02 sec  <<< FAILURE!
junit.framework.AssertionFailedError: expected:<1000> but was:<1001>
	at junit.framework.Assert.fail(Assert.java:47)
	at junit.framework.Assert.failNotEquals(Assert.java:277)
	at junit.framework.Assert.assertEquals(Assert.java:64)
	at junit.framework.Assert.assertEquals(Assert.java:195)
	at junit.framework.Assert.assertEquals(Assert.java:201)
	at com.expensetracker.util.test.DatabaseUtilTest.testDatabaseConnection(DatabaseUtilTest.java:25)

