-------------------------------------------------------------------------------
Test set: com.expensetracker.gui.util.test.DateUtilTest
-------------------------------------------------------------------------------
Tests run: 1, Failures: 1, Errors: 0, Skipped: 0, Time elapsed: 0 sec <<< FAILURE! - in com.expensetracker.gui.util.test.DateUtilTest
testValidateDate(com.expensetracker.gui.util.test.DateUtilTest)  Time elapsed: 0 sec  <<< FAILURE!
java.lang.AssertionError: 
	at org.junit.Assert.fail(Assert.java:74)
	at org.junit.Assert.assertTrue(Assert.java:37)
	at org.junit.Assert.assertTrue(Assert.java:46)
	at com.expensetracker.gui.util.test.DateUtilTest.testValidateDate(DateUtilTest.java:53)

