<?xml version="1.0" encoding="UTF-8"?>
<testsuite name="com.expensetracker.dao.test.UserDaoTest" time="0" tests="1" errors="1" skipped="0" failures="0">
  <properties>
[...]
</properties>
  <testcase name="testSaveUserDao" classname="com.expensetracker.dao.test.UserDaoTest" time="0">
    <error type="java.lang.ExceptionInInitializerError:"><![CDATA[java.lang.ExceptionInInitializerError: null
	at org.hibernate.cfg.Configuration$MappingsImpl.addClass(Configuration.java:3179)
	at org.hibernate.cfg.AnnotationBinder.bindClass(AnnotationBinder.java:727)
	at org.hibernate.cfg.Configuration$MetadataSourceQueue.processAnnotatedClassesQueue(Configuration.java:4035)
	at org.hibernate.cfg.Configuration$MetadataSourceQueue.processMetadata(Configuration.java:3989)
	at org.hibernate.cfg.Configuration.secondPassCompile(Configuration.java:1398)
	at org.hibernate.cfg.Configuration.buildSessionFactory(Configuration.java:1856)
	at com.expensetracker.util.HibernateUtil.getSessionFactory(HibernateUtil.java:29)
	at com.expensetracker.dao.UserDao.<init>(UserDao.java:19)
	at com.expensetracker.dao.UserDao.<clinit>(UserDao.java:17)
	at com.expensetracker.dao.test.UserDaoTest.testSaveUserDao(UserDaoTest.java:25)
]]></error>
  </testcase>
</testsuite>